<?xml version="1.0" encoding="UTF-8"?>
<!-- Generated by org.testng.reporters.JUnitReportReporter -->
<testsuite hostname="LAPTOP-DV9TJ16N" failures="0" tests="2" name="testingdiscussion_testng.InnotationsWithSuits" time="0.006" errors="0" timestamp="2021-12-24T22:07:08 IST" skipped="0">
  <testcase classname="testingdiscussion_testng.InnotationsWithSuits" name="testCase1" time="0.004"/>
  <system-out/>
  <testcase classname="testingdiscussion_testng.InnotationsWithSuits" name="testCase2" time="0.002"/>
  <system-out/>
</testsuite> <!-- testingdiscussion_testng.InnotationsWithSuits -->
