<?xml version="1.0" encoding="UTF-8"?>
<!-- Generated by org.testng.reporters.JUnitReportReporter -->
<testsuite hostname="LAPTOP-DV9TJ16N" failures="0" tests="2" name="testngdiscussion.ParallelTestTagExecution3" time="0.006" errors="0" timestamp="2021-12-29T12:27:49 IST" skipped="0">
  <testcase classname="testngdiscussion.ParallelTestTagExecution3" name="navToOrange" time="0.001"/>
  <system-out/>
  <testcase classname="testngdiscussion.ParallelTestTagExecution3" name="home" time="0.005"/>
  <system-out/>
</testsuite> <!-- testngdiscussion.ParallelTestTagExecution3 -->
