<?xml version="1.0" encoding="UTF-8"?>
<!-- Generated by org.testng.reporters.JUnitReportReporter -->
<testsuite hostname="LAPTOP-DV9TJ16N" failures="0" tests="4" name="testingdiscussion_testng.GroupingOfTestCases1" time="0.003" errors="0" timestamp="2021-12-25T18:13:09 IST" skipped="0">
  <testcase classname="testingdiscussion_testng.GroupingOfTestCases1" name="editProfile" time="0.001"/>
  <system-out/>
  <testcase classname="testingdiscussion_testng.GroupingOfTestCases1" name="myInfo" time="0.000"/>
  <system-out/>
  <testcase classname="testingdiscussion_testng.GroupingOfTestCases1" name="uploadImage" time="0.001"/>
  <system-out/>
  <testcase classname="testingdiscussion_testng.GroupingOfTestCases1" name="profile" time="0.001"/>
  <system-out/>
</testsuite> <!-- testingdiscussion_testng.GroupingOfTestCases1 -->
