<?xml version="1.0" encoding="UTF-8"?>
<!-- Generated by org.testng.reporters.JUnitReportReporter -->
<testsuite hostname="LAPTOP-DV9TJ16N" failures="0" tests="6" name="testingdiscussion_testng.PriorityEnabledTestCase" time="0.010" errors="0" timestamp="2021-12-21T11:49:38 IST" skipped="1">
  <testcase classname="testingdiscussion_testng.PriorityEnabledTestCase" name="profile" time="0.006"/>
  <system-out/>
  <testcase classname="testingdiscussion_testng.PriorityEnabledTestCase" name="passwordChange" time="0.001"/>
  <system-out/>
  <testcase classname="testingdiscussion_testng.PriorityEnabledTestCase" name="logout" time="0.001"/>
  <system-out/>
  <testcase classname="testingdiscussion_testng.PriorityEnabledTestCase" name="home" time="0.001"/>
  <system-out/>
  <testcase classname="testingdiscussion_testng.PriorityEnabledTestCase" name="dashboard" time="0.001"/>
  <system-out/>
  <testcase classname="testingdiscussion_testng.PriorityEnabledTestCase" name="login">
    <skipped/>
  </testcase> <!-- login -->
  <system-out/>
</testsuite> <!-- testingdiscussion_testng.PriorityEnabledTestCase -->
