<?xml version="1.0" encoding="UTF-8"?>
<!-- Generated by org.testng.reporters.JUnitReportReporter -->
<testsuite hostname="LAPTOP-DV9TJ16N" failures="0" tests="2" name="testingdiscussion_testng.AnnotationsWithSuite1" time="0.014" errors="0" timestamp="2021-12-24T22:46:52 IST" skipped="0">
  <testcase classname="testingdiscussion_testng.AnnotationsWithSuite1" name="testCase4" time="0.010"/>
  <system-out/>
  <testcase classname="testingdiscussion_testng.AnnotationsWithSuite1" name="testCase3" time="0.004"/>
  <system-out/>
</testsuite> <!-- testingdiscussion_testng.AnnotationsWithSuite1 -->
