<?xml version="1.0" encoding="UTF-8"?>
<!-- Generated by org.testng.reporters.JUnitReportReporter -->
<testsuite hostname="LAPTOP-DV9TJ16N" failures="0" tests="2" name="testngdiscussion.ParallelTestClass1Excution" time="3.256" errors="0" timestamp="2021-12-29T12:08:08 IST" skipped="0">
  <testcase classname="testngdiscussion.ParallelTestClass1Excution" name="profile" time="0.000"/>
  <system-out/>
  <testcase classname="testngdiscussion.ParallelTestClass1Excution" name="navToGoogle" time="3.256"/>
  <system-out/>
</testsuite> <!-- testngdiscussion.ParallelTestClass1Excution -->
