<?xml version="1.0" encoding="UTF-8"?>
<!-- Generated by org.testng.reporters.JUnitReportReporter -->
<testsuite hostname="LAPTOP-DV9TJ16N" failures="0" tests="11" name="testingdiscussion_testng.PriorityTCTNGExample2" time="0.014" errors="0" timestamp="2021-12-21T11:32:44 IST" skipped="0">
  <testcase classname="testingdiscussion_testng.PriorityTCTNGExample2" name="login" time="0.006"/>
  <system-out/>
  <testcase classname="testingdiscussion_testng.PriorityTCTNGExample2" name="profile" time="0.001"/>
  <system-out/>
  <testcase classname="testingdiscussion_testng.PriorityTCTNGExample2" name="testcase1" time="0.001"/>
  <system-out/>
  <testcase classname="testingdiscussion_testng.PriorityTCTNGExample2" name="testcase1" time="0.001"/>
  <system-out/>
  <testcase classname="testingdiscussion_testng.PriorityTCTNGExample2" name="testcase1" time="0.000"/>
  <system-out/>
  <testcase classname="testingdiscussion_testng.PriorityTCTNGExample2" name="testcase1" time="0.002"/>
  <system-out/>
  <testcase classname="testingdiscussion_testng.PriorityTCTNGExample2" name="testcase1" time="0.001"/>
  <system-out/>
  <testcase classname="testingdiscussion_testng.PriorityTCTNGExample2" name="passwordChange" time="0.001"/>
  <system-out/>
  <testcase classname="testingdiscussion_testng.PriorityTCTNGExample2" name="logout" time="0.000"/>
  <system-out/>
  <testcase classname="testingdiscussion_testng.PriorityTCTNGExample2" name="home" time="0.001"/>
  <system-out/>
  <testcase classname="testingdiscussion_testng.PriorityTCTNGExample2" name="dashboard" time="0.000"/>
  <system-out/>
</testsuite> <!-- testingdiscussion_testng.PriorityTCTNGExample2 -->
