<?xml version="1.0" encoding="UTF-8"?>
<!-- Generated by org.testng.reporters.JUnitReportReporter -->
<testsuite hostname="LAPTOP-DV9TJ16N" failures="0" tests="3" name="testingdiscussion_testng.Priority_BasesTestNG" time="0.016" errors="0" timestamp="2021-12-25T16:21:55 IST" skipped="0">
  <testcase classname="testingdiscussion_testng.Priority_BasesTestNG" name="login" time="0.008"/>
  <system-out/>
  <testcase classname="testingdiscussion_testng.Priority_BasesTestNG" name="home" time="0.007"/>
  <system-out/>
  <testcase classname="testingdiscussion_testng.Priority_BasesTestNG" name="dashboard" time="0.001"/>
  <system-out/>
</testsuite> <!-- testingdiscussion_testng.Priority_BasesTestNG -->
