<?xml version="1.0" encoding="UTF-8"?>
<!-- Generated by org.testng.reporters.JUnitReportReporter -->
<testsuite hostname="LAPTOP-DV9TJ16N" failures="0" tests="3" name="testingdiscussion_testng.InclusionAndExclusionTestCases" time="0.009" errors="0" timestamp="2021-12-27T22:38:59 IST" skipped="0">
  <testcase classname="testingdiscussion_testng.InclusionAndExclusionTestCases" name="login" time="0.007"/>
  <system-out/>
  <testcase classname="testingdiscussion_testng.InclusionAndExclusionTestCases" name="logoff" time="0.001"/>
  <system-out/>
  <testcase classname="testingdiscussion_testng.InclusionAndExclusionTestCases" name="home" time="0.001"/>
  <system-out/>
</testsuite> <!-- testingdiscussion_testng.InclusionAndExclusionTestCases -->
