<?xml version="1.0" encoding="UTF-8"?>
<!-- Generated by org.testng.reporters.JUnitReportReporter -->
<testsuite hostname="LAPTOP-DV9TJ16N" failures="0" tests="3" name="testingdiscussion.TestCase" time="0.010" errors="0" timestamp="2021-12-19T15:13:00 IST" skipped="0">
  <testcase classname="testingdiscussion.TestCase" name="logintest" time="0.001"/>
  <system-out/>
  <testcase classname="testingdiscussion.TestCase" name="home" time="0.002"/>
  <system-out/>
  <testcase classname="testingdiscussion.TestCase" name="a" time="0.007"/>
  <system-out/>
</testsuite> <!-- testingdiscussion.TestCase -->
