<?xml version="1.0" encoding="UTF-8"?>
<!-- Generated by org.testng.reporters.JUnitReportReporter -->
<testsuite hostname="LAPTOP-DV9TJ16N" failures="0" tests="2" name="testingdiscussion_testng.ParameterInTestNg" time="3.243" errors="0" timestamp="2021-12-29T11:30:54 IST" skipped="0">
  <testcase classname="testingdiscussion_testng.ParameterInTestNg" name="info" time="0.007"/>
  <system-out/>
  <testcase classname="testingdiscussion_testng.ParameterInTestNg" name="launchFacebook" time="3.236"/>
  <system-out/>
</testsuite> <!-- testingdiscussion_testng.ParameterInTestNg -->
