<?xml version="1.0" encoding="UTF-8"?>
<!-- Generated by org.testng.reporters.JUnitReportReporter -->
<testsuite hostname="LAPTOP-DV9TJ16N" failures="0" tests="1" name="testingdiscussion_testng.AnnotationsActualUsage" time="0.007" errors="0" timestamp="2021-12-24T23:20:15 IST" skipped="0">
  <testcase classname="testingdiscussion_testng.AnnotationsActualUsage" name="testCase" time="0.007"/>
  <system-out/>
</testsuite> <!-- testingdiscussion_testng.AnnotationsActualUsage -->
