<?xml version="1.0" encoding="UTF-8"?>
<!-- Generated by org.testng.reporters.JUnitReportReporter -->
<testsuite hostname="LAPTOP-DV9TJ16N" failures="0" tests="2" name="testingdiscussion_testng.InnotationsWithSuite" time="0.012" errors="0" timestamp="2021-12-24T22:36:42 IST" skipped="0">
  <testcase classname="testingdiscussion_testng.InnotationsWithSuite" name="testCase1" time="0.008"/>
  <system-out/>
  <testcase classname="testingdiscussion_testng.InnotationsWithSuite" name="testCase2" time="0.004"/>
  <system-out/>
</testsuite> <!-- testingdiscussion_testng.InnotationsWithSuite -->
