<?xml version="1.0" encoding="UTF-8"?>
<!-- Generated by org.testng.reporters.JUnitReportReporter -->
<testsuite hostname="LAPTOP-DV9TJ16N" failures="0" tests="2" name="testngdiscussion.ParallelTestCasesExecution" time="5.757" errors="0" timestamp="2021-12-29T11:43:58 IST" skipped="0">
  <testcase classname="testngdiscussion.ParallelTestCasesExecution" name="navToFacebook" time="2.776"/>
  <system-out/>
  <testcase classname="testngdiscussion.ParallelTestCasesExecution" name="navToGoogle" time="2.981"/>
  <system-out/>
</testsuite> <!-- testngdiscussion.ParallelTestCasesExecution -->
