<?xml version="1.0" encoding="UTF-8"?>
<!-- Generated by org.testng.reporters.JUnitReportReporter -->
<testsuite hostname="LAPTOP-DV9TJ16N" failures="0" tests="2" name="testingdiscussion_testng.ReporterInPriorityTNG1" time="0.001" errors="0" timestamp="2021-12-22T20:47:00 IST" skipped="0">
  <testcase classname="testingdiscussion_testng.ReporterInPriorityTNG1" name="urlValidation" time="0.000"/>
  <system-out>
    <![CDATA[URL validation over home page]]>
  </system-out>
  <testcase classname="testingdiscussion_testng.ReporterInPriorityTNG1" name="profileSection" time="0.001"/>
  <system-out>
    <![CDATA[profile section for home page]]>
  </system-out>
</testsuite> <!-- testingdiscussion_testng.ReporterInPriorityTNG1 -->
