<?xml version="1.0" encoding="UTF-8"?>
<!-- Generated by org.testng.reporters.JUnitReportReporter -->
<testsuite hostname="LAPTOP-DV9TJ16N" failures="0" tests="2" name="testingdiscussion_testng.AnnotationsInTestNg1" time="0.002" errors="0" timestamp="2021-12-24T06:50:00 IST" skipped="0">
  <testcase classname="testingdiscussion_testng.AnnotationsInTestNg1" name="testCase4" time="0.001"/>
  <system-out/>
  <testcase classname="testingdiscussion_testng.AnnotationsInTestNg1" name="testCase3" time="0.001"/>
  <system-out/>
</testsuite> <!-- testingdiscussion_testng.AnnotationsInTestNg1 -->
