<?xml version="1.0" encoding="UTF-8"?>
<!-- Generated by org.testng.reporters.JUnitReportReporter -->
<testsuite hostname="LAPTOP-DV9TJ16N" failures="0" tests="4" name="testingdiscussion_testng.PriorityTCTNGExample1" time="0.015" errors="0" timestamp="2021-12-21T10:55:30 IST" skipped="0">
  <testcase classname="testingdiscussion_testng.PriorityTCTNGExample1" name="logout" time="0.012"/>
  <system-out/>
  <testcase classname="testingdiscussion_testng.PriorityTCTNGExample1" name="Home" time="0.001"/>
  <system-out/>
  <testcase classname="testingdiscussion_testng.PriorityTCTNGExample1" name="dashbaord" time="0.001"/>
  <system-out/>
  <testcase classname="testingdiscussion_testng.PriorityTCTNGExample1" name="login" time="0.001"/>
  <system-out/>
</testsuite> <!-- testingdiscussion_testng.PriorityTCTNGExample1 -->
