<?xml version="1.0" encoding="UTF-8"?>
<!-- Generated by org.testng.reporters.JUnitReportReporter -->
<testsuite hostname="LAPTOP-DV9TJ16N" failures="0" tests="4" name="testingdiscussion_testng.GroupingOfTestCases" time="0.007" errors="0" timestamp="2021-12-25T18:13:09 IST" skipped="0">
  <testcase classname="testingdiscussion_testng.GroupingOfTestCases" name="login" time="0.005"/>
  <system-out/>
  <testcase classname="testingdiscussion_testng.GroupingOfTestCases" name="logoff" time="0.000"/>
  <system-out/>
  <testcase classname="testingdiscussion_testng.GroupingOfTestCases" name="home" time="0.001"/>
  <system-out/>
  <testcase classname="testingdiscussion_testng.GroupingOfTestCases" name="profile" time="0.001"/>
  <system-out/>
</testsuite> <!-- testingdiscussion_testng.GroupingOfTestCases -->
