<?xml version="1.0" encoding="UTF-8"?>
<!-- Generated by org.testng.reporters.JUnitReportReporter -->
<testsuite hostname="LAPTOP-DV9TJ16N" failures="0" tests="2" name="testngdiscussion.ParallelTestClass2Execution" time="7.802" errors="0" timestamp="2021-12-29T12:08:08 IST" skipped="0">
  <testcase classname="testngdiscussion.ParallelTestClass2Execution" name="editProfile" time="0.006"/>
  <system-out/>
  <testcase classname="testngdiscussion.ParallelTestClass2Execution" name="navToOrangeHRM" time="7.796"/>
  <system-out/>
</testsuite> <!-- testngdiscussion.ParallelTestClass2Execution -->
