<?xml version="1.0" encoding="UTF-8"?>
<!-- Generated by org.testng.reporters.JUnitReportReporter -->
<testsuite hostname="LAPTOP-DV9TJ16N" failures="0" tests="2" name="testingdiscussion_testng.ReporterInPriorityTNG" time="0.008" errors="0" timestamp="2021-12-22T20:47:00 IST" skipped="0">
  <testcase classname="testingdiscussion_testng.ReporterInPriorityTNG" name="loginWithInCorrectCredntial" time="0.001"/>
  <system-out>
    <![CDATA[login test case with incorrectcredentail]]>
  </system-out>
  <testcase classname="testingdiscussion_testng.ReporterInPriorityTNG" name="loginWithCorrectCrendential" time="0.007"/>
  <system-out>
    <![CDATA[login test case with correct credential]]>
  </system-out>
</testsuite> <!-- testingdiscussion_testng.ReporterInPriorityTNG -->
