<?xml version="1.0" encoding="UTF-8"?>
<!-- Generated by org.testng.reporters.JUnitReportReporter -->
<testsuite hostname="LAPTOP-DV9TJ16N" failures="0" tests="2" name="testngdiscussion.ParallelTestTagExecution2" time="0.007" errors="0" timestamp="2021-12-29T12:27:49 IST" skipped="0">
  <testcase classname="testngdiscussion.ParallelTestTagExecution2" name="navToFlipkart" time="0.002"/>
  <system-out/>
  <testcase classname="testngdiscussion.ParallelTestTagExecution2" name="dashBoard" time="0.005"/>
  <system-out/>
</testsuite> <!-- testngdiscussion.ParallelTestTagExecution2 -->
