<?xml version="1.0" encoding="UTF-8"?>
<!-- Generated by org.testng.reporters.JUnitReportReporter -->
<testsuite hostname="LAPTOP-DV9TJ16N" failures="0" tests="1" name="testingdiscussion_testng.TestCasesForFailedExecution" time="0.000" errors="0" timestamp="2021-12-28T22:12:42 IST" skipped="1">
  <testcase classname="testingdiscussion_testng.TestCasesForFailedExecution" name="loginTest" time="0.000">
    <skipped/>
  </testcase> <!-- loginTest -->
  <system-out/>
</testsuite> <!-- testingdiscussion_testng.TestCasesForFailedExecution -->
